<?xml version="1.0" encoding="UTF-8"?>
<testsuite xmlns:xsi="http://www.w3.org/2001/XMLSchema-instance" xsi:noNamespaceSchemaLocation="https://maven.apache.org/surefire/maven-surefire-plugin/xsd/surefire-test-report-3.0.xsd" version="3.0" name="TestSuite" time="23.857" tests="1" errors="0" skipped="0" failures="0">
  <properties>
    <property name="sun.desktop" value="windows"/>
    <property name="awt.toolkit" value="sun.awt.windows.WToolkit"/>
    <property name="java.specification.version" value="11"/>
    <property name="webdriver.chrome.driver" value="C:\Users\mahbu\IdeaProjects\BDD_AutomationFrameWork_HomeWork2022/BrowserDriver/Windows/chromedriver.exe"/>
    <property name="sun.cpu.isalist" value="amd64"/>
    <property name="sun.jnu.encoding" value="Cp1252"/>
    <property name="java.class.path" value="C:\Users\mahbu\IdeaProjects\BDD_AutomationFrameWork_HomeWork2022\target\test-classes;C:\Users\mahbu\IdeaProjects\BDD_AutomationFrameWork_HomeWork2022\target\classes;C:\Users\mahbu\.m2\repository\org\seleniumhq\selenium\selenium-java\4.3.0\selenium-java-4.3.0.jar;C:\Users\mahbu\.m2\repository\org\seleniumhq\selenium\selenium-api\4.3.0\selenium-api-4.3.0.jar;C:\Users\mahbu\.m2\repository\org\seleniumhq\selenium\selenium-chrome-driver\4.3.0\selenium-chrome-driver-4.3.0.jar;C:\Users\mahbu\.m2\repository\com\google\auto\service\auto-service-annotations\1.0.1\auto-service-annotations-1.0.1.jar;C:\Users\mahbu\.m2\repository\com\google\auto\service\auto-service\1.0.1\auto-service-1.0.1.jar;C:\Users\mahbu\.m2\repository\com\google\auto\auto-common\1.2\auto-common-1.2.jar;C:\Users\mahbu\.m2\repository\org\seleniumhq\selenium\selenium-chromium-driver\4.3.0\selenium-chromium-driver-4.3.0.jar;C:\Users\mahbu\.m2\repository\org\seleniumhq\selenium\selenium-json\4.3.0\selenium-json-4.3.0.jar;C:\Users\mahbu\.m2\repository\org\seleniumhq\selenium\selenium-devtools-v101\4.3.0\selenium-devtools-v101-4.3.0.jar;C:\Users\mahbu\.m2\repository\org\seleniumhq\selenium\selenium-devtools-v102\4.3.0\selenium-devtools-v102-4.3.0.jar;C:\Users\mahbu\.m2\repository\org\seleniumhq\selenium\selenium-devtools-v103\4.3.0\selenium-devtools-v103-4.3.0.jar;C:\Users\mahbu\.m2\repository\org\seleniumhq\selenium\selenium-devtools-v85\4.3.0\selenium-devtools-v85-4.3.0.jar;C:\Users\mahbu\.m2\repository\org\seleniumhq\selenium\selenium-edge-driver\4.3.0\selenium-edge-driver-4.3.0.jar;C:\Users\mahbu\.m2\repository\org\seleniumhq\selenium\selenium-firefox-driver\4.3.0\selenium-firefox-driver-4.3.0.jar;C:\Users\mahbu\.m2\repository\org\seleniumhq\selenium\selenium-ie-driver\4.3.0\selenium-ie-driver-4.3.0.jar;C:\Users\mahbu\.m2\repository\org\seleniumhq\selenium\selenium-opera-driver\4.3.0\selenium-opera-driver-4.3.0.jar;C:\Users\mahbu\.m2\repository\org\seleniumhq\selenium\selenium-remote-driver\4.3.0\selenium-remote-driver-4.3.0.jar;C:\Users\mahbu\.m2\repository\io\netty\netty-buffer\4.1.78.Final\netty-buffer-4.1.78.Final.jar;C:\Users\mahbu\.m2\repository\io\netty\netty-codec-http\4.1.78.Final\netty-codec-http-4.1.78.Final.jar;C:\Users\mahbu\.m2\repository\io\netty\netty-codec\4.1.78.Final\netty-codec-4.1.78.Final.jar;C:\Users\mahbu\.m2\repository\io\netty\netty-handler\4.1.78.Final\netty-handler-4.1.78.Final.jar;C:\Users\mahbu\.m2\repository\io\netty\netty-common\4.1.78.Final\netty-common-4.1.78.Final.jar;C:\Users\mahbu\.m2\repository\io\netty\netty-transport-classes-epoll\4.1.78.Final\netty-transport-classes-epoll-4.1.78.Final.jar;C:\Users\mahbu\.m2\repository\io\netty\netty-transport-classes-kqueue\4.1.78.Final\netty-transport-classes-kqueue-4.1.78.Final.jar;C:\Users\mahbu\.m2\repository\io\netty\netty-transport-native-epoll\4.1.78.Final\netty-transport-native-epoll-4.1.78.Final.jar;C:\Users\mahbu\.m2\repository\io\netty\netty-transport-native-kqueue\4.1.78.Final\netty-transport-native-kqueue-4.1.78.Final.jar;C:\Users\mahbu\.m2\repository\io\netty\netty-transport-native-unix-common\4.1.78.Final\netty-transport-native-unix-common-4.1.78.Final.jar;C:\Users\mahbu\.m2\repository\io\netty\netty-transport\4.1.78.Final\netty-transport-4.1.78.Final.jar;C:\Users\mahbu\.m2\repository\io\netty\netty-resolver\4.1.78.Final\netty-resolver-4.1.78.Final.jar;C:\Users\mahbu\.m2\repository\io\opentelemetry\opentelemetry-api\1.15.0\opentelemetry-api-1.15.0.jar;C:\Users\mahbu\.m2\repository\io\opentelemetry\opentelemetry-context\1.15.0\opentelemetry-context-1.15.0.jar;C:\Users\mahbu\.m2\repository\io\opentelemetry\opentelemetry-exporter-logging\1.15.0\opentelemetry-exporter-logging-1.15.0.jar;C:\Users\mahbu\.m2\repository\io\opentelemetry\opentelemetry-sdk-metrics\1.15.0\opentelemetry-sdk-metrics-1.15.0.jar;C:\Users\mahbu\.m2\repository\io\opentelemetry\opentelemetry-sdk-logs\1.15.0-alpha\opentelemetry-sdk-logs-1.15.0-alpha.jar;C:\Users\mahbu\.m2\repository\io\opentelemetry\opentelemetry-sdk-common\1.15.0\opentelemetry-sdk-common-1.15.0.jar;C:\Users\mahbu\.m2\repository\io\opentelemetry\opentelemetry-sdk-extension-autoconfigure-spi\1.15.0\opentelemetry-sdk-extension-autoconfigure-spi-1.15.0.jar;C:\Users\mahbu\.m2\repository\io\opentelemetry\opentelemetry-sdk-extension-autoconfigure\1.15.0-alpha\opentelemetry-sdk-extension-autoconfigure-1.15.0-alpha.jar;C:\Users\mahbu\.m2\repository\io\opentelemetry\opentelemetry-sdk-trace\1.15.0\opentelemetry-sdk-trace-1.15.0.jar;C:\Users\mahbu\.m2\repository\io\opentelemetry\opentelemetry-sdk\1.15.0\opentelemetry-sdk-1.15.0.jar;C:\Users\mahbu\.m2\repository\io\opentelemetry\opentelemetry-semconv\1.15.0-alpha\opentelemetry-semconv-1.15.0-alpha.jar;C:\Users\mahbu\.m2\repository\io\ous\jtoml\2.0.0\jtoml-2.0.0.jar;C:\Users\mahbu\.m2\repository\net\bytebuddy\byte-buddy\1.12.10\byte-buddy-1.12.10.jar;C:\Users\mahbu\.m2\repository\org\apache\commons\commons-exec\1.3\commons-exec-1.3.jar;C:\Users\mahbu\.m2\repository\org\asynchttpclient\async-http-client\2.12.3\async-http-client-2.12.3.jar;C:\Users\mahbu\.m2\repository\org\asynchttpclient\async-http-client-netty-utils\2.12.3\async-http-client-netty-utils-2.12.3.jar;C:\Users\mahbu\.m2\repository\io\netty\netty-codec-socks\4.1.60.Final\netty-codec-socks-4.1.60.Final.jar;C:\Users\mahbu\.m2\repository\io\netty\netty-handler-proxy\4.1.60.Final\netty-handler-proxy-4.1.60.Final.jar;C:\Users\mahbu\.m2\repository\io\netty\netty-transport-native-epoll\4.1.60.Final\netty-transport-native-epoll-4.1.60.Final-linux-x86_64.jar;C:\Users\mahbu\.m2\repository\io\netty\netty-transport-native-kqueue\4.1.60.Final\netty-transport-native-kqueue-4.1.60.Final-osx-x86_64.jar;C:\Users\mahbu\.m2\repository\com\typesafe\netty\netty-reactive-streams\2.0.4\netty-reactive-streams-2.0.4.jar;C:\Users\mahbu\.m2\repository\com\sun\activation\jakarta.activation\1.2.2\jakarta.activation-1.2.2.jar;C:\Users\mahbu\.m2\repository\org\seleniumhq\selenium\selenium-http\4.3.0\selenium-http-4.3.0.jar;C:\Users\mahbu\.m2\repository\dev\failsafe\failsafe\3.2.4\failsafe-3.2.4.jar;C:\Users\mahbu\.m2\repository\org\seleniumhq\selenium\selenium-safari-driver\4.3.0\selenium-safari-driver-4.3.0.jar;C:\Users\mahbu\.m2\repository\org\seleniumhq\selenium\selenium-support\4.3.0\selenium-support-4.3.0.jar;C:\Users\mahbu\.m2\repository\org\seleniumhq\selenium\selenium-server\4.0.0-alpha-2\selenium-server-4.0.0-alpha-2.jar;C:\Users\mahbu\.m2\repository\org\seleniumhq\selenium\grid\4.0.0-alpha-2\grid-4.0.0-alpha-2.jar;C:\Users\mahbu\.m2\repository\org\seleniumhq\selenium\selenium-edgehtml-driver\4.0.0-alpha-2\selenium-edgehtml-driver-4.0.0-alpha-2.jar;C:\Users\mahbu\.m2\repository\org\seleniumhq\selenium\jetty-repacked\9.4.12.v20180830.1\jetty-repacked-9.4.12.v20180830.1.jar;C:\Users\mahbu\.m2\repository\javax\servlet\javax.servlet-api\3.1.0\javax.servlet-api-3.1.0.jar;C:\Users\mahbu\.m2\repository\org\zeromq\jeromq\0.5.1\jeromq-0.5.1.jar;C:\Users\mahbu\.m2\repository\eu\neilalexander\jnacl\1.0.0\jnacl-1.0.0.jar;C:\Users\mahbu\.m2\repository\net\jcip\jcip-annotations\1.0\jcip-annotations-1.0.jar;C:\Users\mahbu\.m2\repository\org\yaml\snakeyaml\1.24\snakeyaml-1.24.jar;C:\Users\mahbu\.m2\repository\org\testng\testng\7.6.1\testng-7.6.1.jar;C:\Users\mahbu\.m2\repository\com\google\code\findbugs\jsr305\3.0.2\jsr305-3.0.2.jar;C:\Users\mahbu\.m2\repository\org\slf4j\slf4j-api\1.7.36\slf4j-api-1.7.36.jar;C:\Users\mahbu\.m2\repository\com\beust\jcommander\1.82\jcommander-1.82.jar;C:\Users\mahbu\.m2\repository\org\webjars\jquery\3.6.0\jquery-3.6.0.jar;C:\Users\mahbu\.m2\repository\org\apache\poi\poi\5.2.2\poi-5.2.2.jar;C:\Users\mahbu\.m2\repository\commons-codec\commons-codec\1.15\commons-codec-1.15.jar;C:\Users\mahbu\.m2\repository\org\apache\commons\commons-collections4\4.4\commons-collections4-4.4.jar;C:\Users\mahbu\.m2\repository\org\apache\commons\commons-math3\3.6.1\commons-math3-3.6.1.jar;C:\Users\mahbu\.m2\repository\com\zaxxer\SparseBitSet\1.2\SparseBitSet-1.2.jar;C:\Users\mahbu\.m2\repository\org\apache\logging\log4j\log4j-api\2.17.2\log4j-api-2.17.2.jar;C:\Users\mahbu\.m2\repository\org\apache\poi\poi-ooxml\5.2.2\poi-ooxml-5.2.2.jar;C:\Users\mahbu\.m2\repository\org\apache\poi\poi-ooxml-lite\5.2.2\poi-ooxml-lite-5.2.2.jar;C:\Users\mahbu\.m2\repository\org\apache\xmlbeans\xmlbeans\5.0.3\xmlbeans-5.0.3.jar;C:\Users\mahbu\.m2\repository\org\apache\commons\commons-compress\1.21\commons-compress-1.21.jar;C:\Users\mahbu\.m2\repository\com\github\virtuald\curvesapi\1.07\curvesapi-1.07.jar;C:\Users\mahbu\.m2\repository\org\apache\poi\poi-ooxml-schemas\4.1.2\poi-ooxml-schemas-4.1.2.jar;C:\Users\mahbu\.m2\repository\org\apache\poi\poi-examples\5.2.2\poi-examples-5.2.2.jar;C:\Users\mahbu\.m2\repository\org\apache\poi\poi-scratchpad\5.2.2\poi-scratchpad-5.2.2.jar;C:\Users\mahbu\.m2\repository\mysql\mysql-connector-java\8.0.29\mysql-connector-java-8.0.29.jar;C:\Users\mahbu\.m2\repository\com\google\protobuf\protobuf-java\3.19.4\protobuf-java-3.19.4.jar;C:\Users\mahbu\.m2\repository\org\mongodb\mongo-java-driver\3.12.11\mongo-java-driver-3.12.11.jar;C:\Users\mahbu\.m2\repository\com\aventstack\extentreports\5.0.9\extentreports-5.0.9.jar;C:\Users\mahbu\.m2\repository\io\reactivex\rxjava3\rxjava\3.0.4\rxjava-3.0.4.jar;C:\Users\mahbu\.m2\repository\org\reactivestreams\reactive-streams\1.0.3\reactive-streams-1.0.3.jar;C:\Users\mahbu\.m2\repository\org\projectlombok\lombok\1.18.12\lombok-1.18.12.jar;C:\Users\mahbu\.m2\repository\com\google\code\gson\gson\2.8.6\gson-2.8.6.jar;C:\Users\mahbu\.m2\repository\com\relevantcodes\extentreports\2.41.2\extentreports-2.41.2.jar;C:\Users\mahbu\.m2\repository\org\jsoup\jsoup\1.8.3\jsoup-1.8.3.jar;C:\Users\mahbu\.m2\repository\org\xerial\sqlite-jdbc\3.8.11.1\sqlite-jdbc-3.8.11.1.jar;C:\Users\mahbu\.m2\repository\org\mongodb\mongodb-driver\3.0.4\mongodb-driver-3.0.4.jar;C:\Users\mahbu\.m2\repository\org\mongodb\bson\3.0.4\bson-3.0.4.jar;C:\Users\mahbu\.m2\repository\org\mongodb\mongodb-driver-core\3.0.4\mongodb-driver-core-3.0.4.jar;C:\Users\mahbu\.m2\repository\org\apache\commons\commons-lang3\3.12.0\commons-lang3-3.12.0.jar;C:\Users\mahbu\.m2\repository\commons-io\commons-io\2.11.0\commons-io-2.11.0.jar;C:\Users\mahbu\.m2\repository\io\cucumber\cucumber-core\7.4.1\cucumber-core-7.4.1.jar;C:\Users\mahbu\.m2\repository\io\cucumber\cucumber-gherkin\7.4.1\cucumber-gherkin-7.4.1.jar;C:\Users\mahbu\.m2\repository\io\cucumber\cucumber-gherkin-messages\7.4.1\cucumber-gherkin-messages-7.4.1.jar;C:\Users\mahbu\.m2\repository\io\cucumber\messages\18.0.0\messages-18.0.0.jar;C:\Users\mahbu\.m2\repository\io\cucumber\tag-expressions\4.1.0\tag-expressions-4.1.0.jar;C:\Users\mahbu\.m2\repository\io\cucumber\cucumber-expressions\16.0.0\cucumber-expressions-16.0.0.jar;C:\Users\mahbu\.m2\repository\io\cucumber\datatable\7.4.1\datatable-7.4.1.jar;C:\Users\mahbu\.m2\repository\io\cucumber\cucumber-plugin\7.4.1\cucumber-plugin-7.4.1.jar;C:\Users\mahbu\.m2\repository\io\cucumber\docstring\7.4.1\docstring-7.4.1.jar;C:\Users\mahbu\.m2\repository\io\cucumber\html-formatter\19.2.0\html-formatter-19.2.0.jar;C:\Users\mahbu\.m2\repository\io\cucumber\ci-environment\9.0.4\ci-environment-9.0.4.jar;C:\Users\mahbu\.m2\repository\org\apiguardian\apiguardian-api\1.1.2\apiguardian-api-1.1.2.jar;C:\Users\mahbu\.m2\repository\io\cucumber\cucumber-java\7.4.1\cucumber-java-7.4.1.jar;C:\Users\mahbu\.m2\repository\io\cucumber\cucumber-jvm-deps\1.0.6\cucumber-jvm-deps-1.0.6.jar;C:\Users\mahbu\.m2\repository\io\cucumber\gherkin\23.0.1\gherkin-23.0.1.jar;C:\Users\mahbu\.m2\repository\io\cucumber\cucumber-junit\7.4.1\cucumber-junit-7.4.1.jar;C:\Users\mahbu\.m2\repository\junit\junit\4.13.2\junit-4.13.2.jar;C:\Users\mahbu\.m2\repository\io\cucumber\cucumber-testng\7.4.1\cucumber-testng-7.4.1.jar;C:\Users\mahbu\.m2\repository\io\cucumber\cucumber-html\0.2.7\cucumber-html-0.2.7.jar;C:\Users\mahbu\.m2\repository\io\cucumber\cucumber-picocontainer\7.4.1\cucumber-picocontainer-7.4.1.jar;C:\Users\mahbu\.m2\repository\org\picocontainer\picocontainer\2.15\picocontainer-2.15.jar;C:\Users\mahbu\.m2\repository\org\freemarker\freemarker\2.3.31\freemarker-2.3.31.jar;C:\Users\mahbu\.m2\repository\net\sourceforge\cobertura\cobertura\2.1.1\cobertura-2.1.1.jar;C:\Users\mahbu\.m2\repository\org\ow2\asm\asm\5.0.1\asm-5.0.1.jar;C:\Users\mahbu\.m2\repository\org\ow2\asm\asm-tree\5.0.1\asm-tree-5.0.1.jar;C:\Users\mahbu\.m2\repository\org\ow2\asm\asm-commons\5.0.1\asm-commons-5.0.1.jar;C:\Users\mahbu\.m2\repository\org\ow2\asm\asm-util\5.0.1\asm-util-5.0.1.jar;C:\Users\mahbu\.m2\repository\org\ow2\asm\asm-analysis\5.0.1\asm-analysis-5.0.1.jar;C:\Users\mahbu\.m2\repository\oro\oro\2.0.8\oro-2.0.8.jar;C:\Users\mahbu\.m2\repository\jaxen\jaxen\1.1.4\jaxen-1.1.4.jar;C:\Users\mahbu\.m2\repository\org\apache\ant\ant\1.8.3\ant-1.8.3.jar;C:\Users\mahbu\.m2\repository\org\apache\ant\ant-launcher\1.8.3\ant-launcher-1.8.3.jar;C:\Users\mahbu\.m2\repository\org\apache\ant\ant-junit\1.8.3\ant-junit-1.8.3.jar;C:\Users\mahbu\.m2\repository\org\mortbay\jetty\servlet-api-2.5\6.1.14\servlet-api-2.5-6.1.14.jar;C:\Users\mahbu\.m2\repository\org\mortbay\jetty\jetty\6.1.14\jetty-6.1.14.jar;C:\Users\mahbu\.m2\repository\org\mortbay\jetty\jetty-util\6.1.14\jetty-util-6.1.14.jar;C:\Users\mahbu\.m2\repository\ch\qos\logback\logback-classic\1.0.13\logback-classic-1.0.13.jar;C:\Users\mahbu\.m2\repository\ch\qos\logback\logback-core\1.0.13\logback-core-1.0.13.jar;C:\Users\mahbu\.m2\repository\net\masterthought\cucumber-reporting\5.7.2\cucumber-reporting-5.7.2.jar;C:\Users\mahbu\.m2\repository\com\fasterxml\jackson\core\jackson-databind\2.13.2.2\jackson-databind-2.13.2.2.jar;C:\Users\mahbu\.m2\repository\com\fasterxml\jackson\core\jackson-annotations\2.13.2\jackson-annotations-2.13.2.jar;C:\Users\mahbu\.m2\repository\com\fasterxml\jackson\core\jackson-core\2.13.2\jackson-core-2.13.2.jar;C:\Users\mahbu\.m2\repository\com\fasterxml\jackson\datatype\jackson-datatype-jsr310\2.13.2\jackson-datatype-jsr310-2.13.2.jar;C:\Users\mahbu\.m2\repository\org\apache\velocity\velocity-engine-core\2.3\velocity-engine-core-2.3.jar;C:\Users\mahbu\.m2\repository\commons-collections\commons-collections\3.2.2\commons-collections-3.2.2.jar;C:\Users\mahbu\.m2\repository\joda-time\joda-time\2.10.14\joda-time-2.10.14.jar;C:\Users\mahbu\.m2\repository\org\codehaus\plexus\plexus-utils\3.4.2\plexus-utils-3.4.2.jar;C:\Users\mahbu\.m2\repository\com\google\guava\guava\31.1-jre\guava-31.1-jre.jar;C:\Users\mahbu\.m2\repository\com\google\guava\failureaccess\1.0.1\failureaccess-1.0.1.jar;C:\Users\mahbu\.m2\repository\com\google\guava\listenablefuture\9999.0-empty-to-avoid-conflict-with-guava\listenablefuture-9999.0-empty-to-avoid-conflict-with-guava.jar;C:\Users\mahbu\.m2\repository\org\checkerframework\checker-qual\3.12.0\checker-qual-3.12.0.jar;C:\Users\mahbu\.m2\repository\com\google\errorprone\error_prone_annotations\2.11.0\error_prone_annotations-2.11.0.jar;C:\Users\mahbu\.m2\repository\com\google\j2objc\j2objc-annotations\1.3\j2objc-annotations-1.3.jar;C:\Users\mahbu\.m2\repository\com\googlecode\owasp-java-html-sanitizer\owasp-java-html-sanitizer\20211018.2\owasp-java-html-sanitizer-20211018.2.jar;C:\Users\mahbu\.m2\repository\commons-configuration\commons-configuration\1.10\commons-configuration-1.10.jar;C:\Users\mahbu\.m2\repository\commons-lang\commons-lang\2.6\commons-lang-2.6.jar;C:\Users\mahbu\.m2\repository\commons-logging\commons-logging\1.1.1\commons-logging-1.1.1.jar;C:\Users\mahbu\.m2\repository\net\masterthought\maven-cucumber-reporting\5.7.1\maven-cucumber-reporting-5.7.1.jar;C:\Users\mahbu\.m2\repository\org\apache\maven\maven-plugin-api\3.8.6\maven-plugin-api-3.8.6.jar;C:\Users\mahbu\.m2\repository\org\apache\maven\maven-model\3.8.6\maven-model-3.8.6.jar;C:\Users\mahbu\.m2\repository\org\apache\maven\maven-artifact\3.8.6\maven-artifact-3.8.6.jar;C:\Users\mahbu\.m2\repository\org\eclipse\sisu\org.eclipse.sisu.plexus\0.3.5\org.eclipse.sisu.plexus-0.3.5.jar;C:\Users\mahbu\.m2\repository\javax\annotation\javax.annotation-api\1.2\javax.annotation-api-1.2.jar;C:\Users\mahbu\.m2\repository\org\eclipse\sisu\org.eclipse.sisu.inject\0.3.5\org.eclipse.sisu.inject-0.3.5.jar;C:\Users\mahbu\.m2\repository\org\codehaus\plexus\plexus-component-annotations\1.5.5\plexus-component-annotations-1.5.5.jar;C:\Users\mahbu\.m2\repository\org\codehaus\plexus\plexus-classworlds\2.6.0\plexus-classworlds-2.6.0.jar;C:\Users\mahbu\.m2\repository\org\hamcrest\hamcrest-core\2.2\hamcrest-core-2.2.jar;C:\Users\mahbu\.m2\repository\org\hamcrest\hamcrest\2.2\hamcrest-2.2.jar;C:\Users\mahbu\.m2\repository\com\vimalselvam\cucumber-extentsreport\3.1.1\cucumber-extentsreport-3.1.1.jar;"/>
    <property name="java.vm.vendor" value="Oracle Corporation"/>
    <property name="sun.arch.data.model" value="64"/>
    <property name="user.variant" value=""/>
    <property name="java.vendor.url" value="https://openjdk.java.net/"/>
    <property name="user.timezone" value="America/New_York"/>
    <property name="java.vm.specification.version" value="11"/>
    <property name="os.name" value="Windows 10"/>
    <property name="sun.java.launcher" value="SUN_STANDARD"/>
    <property name="user.country" value="US"/>
    <property name="sun.boot.library.path" value="C:\Program Files\Java\jdk-11.0.12\bin"/>
    <property name="sun.java.command" value="C:\Users\mahbu\AppData\Local\Temp\surefire7368136624989662872\surefirebooter7018057481447440279.jar C:\Users\mahbu\AppData\Local\Temp\surefire7368136624989662872 2022-07-30T17-06-45_159-jvmRun1 surefire249600485218092064tmp surefire_06366130835166706615tmp"/>
    <property name="jdk.debug" value="release"/>
    <property name="surefire.test.class.path" value="C:\Users\mahbu\IdeaProjects\BDD_AutomationFrameWork_HomeWork2022\target\test-classes;C:\Users\mahbu\IdeaProjects\BDD_AutomationFrameWork_HomeWork2022\target\classes;C:\Users\mahbu\.m2\repository\org\seleniumhq\selenium\selenium-java\4.3.0\selenium-java-4.3.0.jar;C:\Users\mahbu\.m2\repository\org\seleniumhq\selenium\selenium-api\4.3.0\selenium-api-4.3.0.jar;C:\Users\mahbu\.m2\repository\org\seleniumhq\selenium\selenium-chrome-driver\4.3.0\selenium-chrome-driver-4.3.0.jar;C:\Users\mahbu\.m2\repository\com\google\auto\service\auto-service-annotations\1.0.1\auto-service-annotations-1.0.1.jar;C:\Users\mahbu\.m2\repository\com\google\auto\service\auto-service\1.0.1\auto-service-1.0.1.jar;C:\Users\mahbu\.m2\repository\com\google\auto\auto-common\1.2\auto-common-1.2.jar;C:\Users\mahbu\.m2\repository\org\seleniumhq\selenium\selenium-chromium-driver\4.3.0\selenium-chromium-driver-4.3.0.jar;C:\Users\mahbu\.m2\repository\org\seleniumhq\selenium\selenium-json\4.3.0\selenium-json-4.3.0.jar;C:\Users\mahbu\.m2\repository\org\seleniumhq\selenium\selenium-devtools-v101\4.3.0\selenium-devtools-v101-4.3.0.jar;C:\Users\mahbu\.m2\repository\org\seleniumhq\selenium\selenium-devtools-v102\4.3.0\selenium-devtools-v102-4.3.0.jar;C:\Users\mahbu\.m2\repository\org\seleniumhq\selenium\selenium-devtools-v103\4.3.0\selenium-devtools-v103-4.3.0.jar;C:\Users\mahbu\.m2\repository\org\seleniumhq\selenium\selenium-devtools-v85\4.3.0\selenium-devtools-v85-4.3.0.jar;C:\Users\mahbu\.m2\repository\org\seleniumhq\selenium\selenium-edge-driver\4.3.0\selenium-edge-driver-4.3.0.jar;C:\Users\mahbu\.m2\repository\org\seleniumhq\selenium\selenium-firefox-driver\4.3.0\selenium-firefox-driver-4.3.0.jar;C:\Users\mahbu\.m2\repository\org\seleniumhq\selenium\selenium-ie-driver\4.3.0\selenium-ie-driver-4.3.0.jar;C:\Users\mahbu\.m2\repository\org\seleniumhq\selenium\selenium-opera-driver\4.3.0\selenium-opera-driver-4.3.0.jar;C:\Users\mahbu\.m2\repository\org\seleniumhq\selenium\selenium-remote-driver\4.3.0\selenium-remote-driver-4.3.0.jar;C:\Users\mahbu\.m2\repository\io\netty\netty-buffer\4.1.78.Final\netty-buffer-4.1.78.Final.jar;C:\Users\mahbu\.m2\repository\io\netty\netty-codec-http\4.1.78.Final\netty-codec-http-4.1.78.Final.jar;C:\Users\mahbu\.m2\repository\io\netty\netty-codec\4.1.78.Final\netty-codec-4.1.78.Final.jar;C:\Users\mahbu\.m2\repository\io\netty\netty-handler\4.1.78.Final\netty-handler-4.1.78.Final.jar;C:\Users\mahbu\.m2\repository\io\netty\netty-common\4.1.78.Final\netty-common-4.1.78.Final.jar;C:\Users\mahbu\.m2\repository\io\netty\netty-transport-classes-epoll\4.1.78.Final\netty-transport-classes-epoll-4.1.78.Final.jar;C:\Users\mahbu\.m2\repository\io\netty\netty-transport-classes-kqueue\4.1.78.Final\netty-transport-classes-kqueue-4.1.78.Final.jar;C:\Users\mahbu\.m2\repository\io\netty\netty-transport-native-epoll\4.1.78.Final\netty-transport-native-epoll-4.1.78.Final.jar;C:\Users\mahbu\.m2\repository\io\netty\netty-transport-native-kqueue\4.1.78.Final\netty-transport-native-kqueue-4.1.78.Final.jar;C:\Users\mahbu\.m2\repository\io\netty\netty-transport-native-unix-common\4.1.78.Final\netty-transport-native-unix-common-4.1.78.Final.jar;C:\Users\mahbu\.m2\repository\io\netty\netty-transport\4.1.78.Final\netty-transport-4.1.78.Final.jar;C:\Users\mahbu\.m2\repository\io\netty\netty-resolver\4.1.78.Final\netty-resolver-4.1.78.Final.jar;C:\Users\mahbu\.m2\repository\io\opentelemetry\opentelemetry-api\1.15.0\opentelemetry-api-1.15.0.jar;C:\Users\mahbu\.m2\repository\io\opentelemetry\opentelemetry-context\1.15.0\opentelemetry-context-1.15.0.jar;C:\Users\mahbu\.m2\repository\io\opentelemetry\opentelemetry-exporter-logging\1.15.0\opentelemetry-exporter-logging-1.15.0.jar;C:\Users\mahbu\.m2\repository\io\opentelemetry\opentelemetry-sdk-metrics\1.15.0\opentelemetry-sdk-metrics-1.15.0.jar;C:\Users\mahbu\.m2\repository\io\opentelemetry\opentelemetry-sdk-logs\1.15.0-alpha\opentelemetry-sdk-logs-1.15.0-alpha.jar;C:\Users\mahbu\.m2\repository\io\opentelemetry\opentelemetry-sdk-common\1.15.0\opentelemetry-sdk-common-1.15.0.jar;C:\Users\mahbu\.m2\repository\io\opentelemetry\opentelemetry-sdk-extension-autoconfigure-spi\1.15.0\opentelemetry-sdk-extension-autoconfigure-spi-1.15.0.jar;C:\Users\mahbu\.m2\repository\io\opentelemetry\opentelemetry-sdk-extension-autoconfigure\1.15.0-alpha\opentelemetry-sdk-extension-autoconfigure-1.15.0-alpha.jar;C:\Users\mahbu\.m2\repository\io\opentelemetry\opentelemetry-sdk-trace\1.15.0\opentelemetry-sdk-trace-1.15.0.jar;C:\Users\mahbu\.m2\repository\io\opentelemetry\opentelemetry-sdk\1.15.0\opentelemetry-sdk-1.15.0.jar;C:\Users\mahbu\.m2\repository\io\opentelemetry\opentelemetry-semconv\1.15.0-alpha\opentelemetry-semconv-1.15.0-alpha.jar;C:\Users\mahbu\.m2\repository\io\ous\jtoml\2.0.0\jtoml-2.0.0.jar;C:\Users\mahbu\.m2\repository\net\bytebuddy\byte-buddy\1.12.10\byte-buddy-1.12.10.jar;C:\Users\mahbu\.m2\repository\org\apache\commons\commons-exec\1.3\commons-exec-1.3.jar;C:\Users\mahbu\.m2\repository\org\asynchttpclient\async-http-client\2.12.3\async-http-client-2.12.3.jar;C:\Users\mahbu\.m2\repository\org\asynchttpclient\async-http-client-netty-utils\2.12.3\async-http-client-netty-utils-2.12.3.jar;C:\Users\mahbu\.m2\repository\io\netty\netty-codec-socks\4.1.60.Final\netty-codec-socks-4.1.60.Final.jar;C:\Users\mahbu\.m2\repository\io\netty\netty-handler-proxy\4.1.60.Final\netty-handler-proxy-4.1.60.Final.jar;C:\Users\mahbu\.m2\repository\io\netty\netty-transport-native-epoll\4.1.60.Final\netty-transport-native-epoll-4.1.60.Final-linux-x86_64.jar;C:\Users\mahbu\.m2\repository\io\netty\netty-transport-native-kqueue\4.1.60.Final\netty-transport-native-kqueue-4.1.60.Final-osx-x86_64.jar;C:\Users\mahbu\.m2\repository\com\typesafe\netty\netty-reactive-streams\2.0.4\netty-reactive-streams-2.0.4.jar;C:\Users\mahbu\.m2\repository\com\sun\activation\jakarta.activation\1.2.2\jakarta.activation-1.2.2.jar;C:\Users\mahbu\.m2\repository\org\seleniumhq\selenium\selenium-http\4.3.0\selenium-http-4.3.0.jar;C:\Users\mahbu\.m2\repository\dev\failsafe\failsafe\3.2.4\failsafe-3.2.4.jar;C:\Users\mahbu\.m2\repository\org\seleniumhq\selenium\selenium-safari-driver\4.3.0\selenium-safari-driver-4.3.0.jar;C:\Users\mahbu\.m2\repository\org\seleniumhq\selenium\selenium-support\4.3.0\selenium-support-4.3.0.jar;C:\Users\mahbu\.m2\repository\org\seleniumhq\selenium\selenium-server\4.0.0-alpha-2\selenium-server-4.0.0-alpha-2.jar;C:\Users\mahbu\.m2\repository\org\seleniumhq\selenium\grid\4.0.0-alpha-2\grid-4.0.0-alpha-2.jar;C:\Users\mahbu\.m2\repository\org\seleniumhq\selenium\selenium-edgehtml-driver\4.0.0-alpha-2\selenium-edgehtml-driver-4.0.0-alpha-2.jar;C:\Users\mahbu\.m2\repository\org\seleniumhq\selenium\jetty-repacked\9.4.12.v20180830.1\jetty-repacked-9.4.12.v20180830.1.jar;C:\Users\mahbu\.m2\repository\javax\servlet\javax.servlet-api\3.1.0\javax.servlet-api-3.1.0.jar;C:\Users\mahbu\.m2\repository\org\zeromq\jeromq\0.5.1\jeromq-0.5.1.jar;C:\Users\mahbu\.m2\repository\eu\neilalexander\jnacl\1.0.0\jnacl-1.0.0.jar;C:\Users\mahbu\.m2\repository\net\jcip\jcip-annotations\1.0\jcip-annotations-1.0.jar;C:\Users\mahbu\.m2\repository\org\yaml\snakeyaml\1.24\snakeyaml-1.24.jar;C:\Users\mahbu\.m2\repository\org\testng\testng\7.6.1\testng-7.6.1.jar;C:\Users\mahbu\.m2\repository\com\google\code\findbugs\jsr305\3.0.2\jsr305-3.0.2.jar;C:\Users\mahbu\.m2\repository\org\slf4j\slf4j-api\1.7.36\slf4j-api-1.7.36.jar;C:\Users\mahbu\.m2\repository\com\beust\jcommander\1.82\jcommander-1.82.jar;C:\Users\mahbu\.m2\repository\org\webjars\jquery\3.6.0\jquery-3.6.0.jar;C:\Users\mahbu\.m2\repository\org\apache\poi\poi\5.2.2\poi-5.2.2.jar;C:\Users\mahbu\.m2\repository\commons-codec\commons-codec\1.15\commons-codec-1.15.jar;C:\Users\mahbu\.m2\repository\org\apache\commons\commons-collections4\4.4\commons-collections4-4.4.jar;C:\Users\mahbu\.m2\repository\org\apache\commons\commons-math3\3.6.1\commons-math3-3.6.1.jar;C:\Users\mahbu\.m2\repository\com\zaxxer\SparseBitSet\1.2\SparseBitSet-1.2.jar;C:\Users\mahbu\.m2\repository\org\apache\logging\log4j\log4j-api\2.17.2\log4j-api-2.17.2.jar;C:\Users\mahbu\.m2\repository\org\apache\poi\poi-ooxml\5.2.2\poi-ooxml-5.2.2.jar;C:\Users\mahbu\.m2\repository\org\apache\poi\poi-ooxml-lite\5.2.2\poi-ooxml-lite-5.2.2.jar;C:\Users\mahbu\.m2\repository\org\apache\xmlbeans\xmlbeans\5.0.3\xmlbeans-5.0.3.jar;C:\Users\mahbu\.m2\repository\org\apache\commons\commons-compress\1.21\commons-compress-1.21.jar;C:\Users\mahbu\.m2\repository\com\github\virtuald\curvesapi\1.07\curvesapi-1.07.jar;C:\Users\mahbu\.m2\repository\org\apache\poi\poi-ooxml-schemas\4.1.2\poi-ooxml-schemas-4.1.2.jar;C:\Users\mahbu\.m2\repository\org\apache\poi\poi-examples\5.2.2\poi-examples-5.2.2.jar;C:\Users\mahbu\.m2\repository\org\apache\poi\poi-scratchpad\5.2.2\poi-scratchpad-5.2.2.jar;C:\Users\mahbu\.m2\repository\mysql\mysql-connector-java\8.0.29\mysql-connector-java-8.0.29.jar;C:\Users\mahbu\.m2\repository\com\google\protobuf\protobuf-java\3.19.4\protobuf-java-3.19.4.jar;C:\Users\mahbu\.m2\repository\org\mongodb\mongo-java-driver\3.12.11\mongo-java-driver-3.12.11.jar;C:\Users\mahbu\.m2\repository\com\aventstack\extentreports\5.0.9\extentreports-5.0.9.jar;C:\Users\mahbu\.m2\repository\io\reactivex\rxjava3\rxjava\3.0.4\rxjava-3.0.4.jar;C:\Users\mahbu\.m2\repository\org\reactivestreams\reactive-streams\1.0.3\reactive-streams-1.0.3.jar;C:\Users\mahbu\.m2\repository\org\projectlombok\lombok\1.18.12\lombok-1.18.12.jar;C:\Users\mahbu\.m2\repository\com\google\code\gson\gson\2.8.6\gson-2.8.6.jar;C:\Users\mahbu\.m2\repository\com\relevantcodes\extentreports\2.41.2\extentreports-2.41.2.jar;C:\Users\mahbu\.m2\repository\org\jsoup\jsoup\1.8.3\jsoup-1.8.3.jar;C:\Users\mahbu\.m2\repository\org\xerial\sqlite-jdbc\3.8.11.1\sqlite-jdbc-3.8.11.1.jar;C:\Users\mahbu\.m2\repository\org\mongodb\mongodb-driver\3.0.4\mongodb-driver-3.0.4.jar;C:\Users\mahbu\.m2\repository\org\mongodb\bson\3.0.4\bson-3.0.4.jar;C:\Users\mahbu\.m2\repository\org\mongodb\mongodb-driver-core\3.0.4\mongodb-driver-core-3.0.4.jar;C:\Users\mahbu\.m2\repository\org\apache\commons\commons-lang3\3.12.0\commons-lang3-3.12.0.jar;C:\Users\mahbu\.m2\repository\commons-io\commons-io\2.11.0\commons-io-2.11.0.jar;C:\Users\mahbu\.m2\repository\io\cucumber\cucumber-core\7.4.1\cucumber-core-7.4.1.jar;C:\Users\mahbu\.m2\repository\io\cucumber\cucumber-gherkin\7.4.1\cucumber-gherkin-7.4.1.jar;C:\Users\mahbu\.m2\repository\io\cucumber\cucumber-gherkin-messages\7.4.1\cucumber-gherkin-messages-7.4.1.jar;C:\Users\mahbu\.m2\repository\io\cucumber\messages\18.0.0\messages-18.0.0.jar;C:\Users\mahbu\.m2\repository\io\cucumber\tag-expressions\4.1.0\tag-expressions-4.1.0.jar;C:\Users\mahbu\.m2\repository\io\cucumber\cucumber-expressions\16.0.0\cucumber-expressions-16.0.0.jar;C:\Users\mahbu\.m2\repository\io\cucumber\datatable\7.4.1\datatable-7.4.1.jar;C:\Users\mahbu\.m2\repository\io\cucumber\cucumber-plugin\7.4.1\cucumber-plugin-7.4.1.jar;C:\Users\mahbu\.m2\repository\io\cucumber\docstring\7.4.1\docstring-7.4.1.jar;C:\Users\mahbu\.m2\repository\io\cucumber\html-formatter\19.2.0\html-formatter-19.2.0.jar;C:\Users\mahbu\.m2\repository\io\cucumber\ci-environment\9.0.4\ci-environment-9.0.4.jar;C:\Users\mahbu\.m2\repository\org\apiguardian\apiguardian-api\1.1.2\apiguardian-api-1.1.2.jar;C:\Users\mahbu\.m2\repository\io\cucumber\cucumber-java\7.4.1\cucumber-java-7.4.1.jar;C:\Users\mahbu\.m2\repository\io\cucumber\cucumber-jvm-deps\1.0.6\cucumber-jvm-deps-1.0.6.jar;C:\Users\mahbu\.m2\repository\io\cucumber\gherkin\23.0.1\gherkin-23.0.1.jar;C:\Users\mahbu\.m2\repository\io\cucumber\cucumber-junit\7.4.1\cucumber-junit-7.4.1.jar;C:\Users\mahbu\.m2\repository\junit\junit\4.13.2\junit-4.13.2.jar;C:\Users\mahbu\.m2\repository\io\cucumber\cucumber-testng\7.4.1\cucumber-testng-7.4.1.jar;C:\Users\mahbu\.m2\repository\io\cucumber\cucumber-html\0.2.7\cucumber-html-0.2.7.jar;C:\Users\mahbu\.m2\repository\io\cucumber\cucumber-picocontainer\7.4.1\cucumber-picocontainer-7.4.1.jar;C:\Users\mahbu\.m2\repository\org\picocontainer\picocontainer\2.15\picocontainer-2.15.jar;C:\Users\mahbu\.m2\repository\org\freemarker\freemarker\2.3.31\freemarker-2.3.31.jar;C:\Users\mahbu\.m2\repository\net\sourceforge\cobertura\cobertura\2.1.1\cobertura-2.1.1.jar;C:\Users\mahbu\.m2\repository\org\ow2\asm\asm\5.0.1\asm-5.0.1.jar;C:\Users\mahbu\.m2\repository\org\ow2\asm\asm-tree\5.0.1\asm-tree-5.0.1.jar;C:\Users\mahbu\.m2\repository\org\ow2\asm\asm-commons\5.0.1\asm-commons-5.0.1.jar;C:\Users\mahbu\.m2\repository\org\ow2\asm\asm-util\5.0.1\asm-util-5.0.1.jar;C:\Users\mahbu\.m2\repository\org\ow2\asm\asm-analysis\5.0.1\asm-analysis-5.0.1.jar;C:\Users\mahbu\.m2\repository\oro\oro\2.0.8\oro-2.0.8.jar;C:\Users\mahbu\.m2\repository\jaxen\jaxen\1.1.4\jaxen-1.1.4.jar;C:\Users\mahbu\.m2\repository\org\apache\ant\ant\1.8.3\ant-1.8.3.jar;C:\Users\mahbu\.m2\repository\org\apache\ant\ant-launcher\1.8.3\ant-launcher-1.8.3.jar;C:\Users\mahbu\.m2\repository\org\apache\ant\ant-junit\1.8.3\ant-junit-1.8.3.jar;C:\Users\mahbu\.m2\repository\org\mortbay\jetty\servlet-api-2.5\6.1.14\servlet-api-2.5-6.1.14.jar;C:\Users\mahbu\.m2\repository\org\mortbay\jetty\jetty\6.1.14\jetty-6.1.14.jar;C:\Users\mahbu\.m2\repository\org\mortbay\jetty\jetty-util\6.1.14\jetty-util-6.1.14.jar;C:\Users\mahbu\.m2\repository\ch\qos\logback\logback-classic\1.0.13\logback-classic-1.0.13.jar;C:\Users\mahbu\.m2\repository\ch\qos\logback\logback-core\1.0.13\logback-core-1.0.13.jar;C:\Users\mahbu\.m2\repository\net\masterthought\cucumber-reporting\5.7.2\cucumber-reporting-5.7.2.jar;C:\Users\mahbu\.m2\repository\com\fasterxml\jackson\core\jackson-databind\2.13.2.2\jackson-databind-2.13.2.2.jar;C:\Users\mahbu\.m2\repository\com\fasterxml\jackson\core\jackson-annotations\2.13.2\jackson-annotations-2.13.2.jar;C:\Users\mahbu\.m2\repository\com\fasterxml\jackson\core\jackson-core\2.13.2\jackson-core-2.13.2.jar;C:\Users\mahbu\.m2\repository\com\fasterxml\jackson\datatype\jackson-datatype-jsr310\2.13.2\jackson-datatype-jsr310-2.13.2.jar;C:\Users\mahbu\.m2\repository\org\apache\velocity\velocity-engine-core\2.3\velocity-engine-core-2.3.jar;C:\Users\mahbu\.m2\repository\commons-collections\commons-collections\3.2.2\commons-collections-3.2.2.jar;C:\Users\mahbu\.m2\repository\joda-time\joda-time\2.10.14\joda-time-2.10.14.jar;C:\Users\mahbu\.m2\repository\org\codehaus\plexus\plexus-utils\3.4.2\plexus-utils-3.4.2.jar;C:\Users\mahbu\.m2\repository\com\google\guava\guava\31.1-jre\guava-31.1-jre.jar;C:\Users\mahbu\.m2\repository\com\google\guava\failureaccess\1.0.1\failureaccess-1.0.1.jar;C:\Users\mahbu\.m2\repository\com\google\guava\listenablefuture\9999.0-empty-to-avoid-conflict-with-guava\listenablefuture-9999.0-empty-to-avoid-conflict-with-guava.jar;C:\Users\mahbu\.m2\repository\org\checkerframework\checker-qual\3.12.0\checker-qual-3.12.0.jar;C:\Users\mahbu\.m2\repository\com\google\errorprone\error_prone_annotations\2.11.0\error_prone_annotations-2.11.0.jar;C:\Users\mahbu\.m2\repository\com\google\j2objc\j2objc-annotations\1.3\j2objc-annotations-1.3.jar;C:\Users\mahbu\.m2\repository\com\googlecode\owasp-java-html-sanitizer\owasp-java-html-sanitizer\20211018.2\owasp-java-html-sanitizer-20211018.2.jar;C:\Users\mahbu\.m2\repository\commons-configuration\commons-configuration\1.10\commons-configuration-1.10.jar;C:\Users\mahbu\.m2\repository\commons-lang\commons-lang\2.6\commons-lang-2.6.jar;C:\Users\mahbu\.m2\repository\commons-logging\commons-logging\1.1.1\commons-logging-1.1.1.jar;C:\Users\mahbu\.m2\repository\net\masterthought\maven-cucumber-reporting\5.7.1\maven-cucumber-reporting-5.7.1.jar;C:\Users\mahbu\.m2\repository\org\apache\maven\maven-plugin-api\3.8.6\maven-plugin-api-3.8.6.jar;C:\Users\mahbu\.m2\repository\org\apache\maven\maven-model\3.8.6\maven-model-3.8.6.jar;C:\Users\mahbu\.m2\repository\org\apache\maven\maven-artifact\3.8.6\maven-artifact-3.8.6.jar;C:\Users\mahbu\.m2\repository\org\eclipse\sisu\org.eclipse.sisu.plexus\0.3.5\org.eclipse.sisu.plexus-0.3.5.jar;C:\Users\mahbu\.m2\repository\javax\annotation\javax.annotation-api\1.2\javax.annotation-api-1.2.jar;C:\Users\mahbu\.m2\repository\org\eclipse\sisu\org.eclipse.sisu.inject\0.3.5\org.eclipse.sisu.inject-0.3.5.jar;C:\Users\mahbu\.m2\repository\org\codehaus\plexus\plexus-component-annotations\1.5.5\plexus-component-annotations-1.5.5.jar;C:\Users\mahbu\.m2\repository\org\codehaus\plexus\plexus-classworlds\2.6.0\plexus-classworlds-2.6.0.jar;C:\Users\mahbu\.m2\repository\org\hamcrest\hamcrest-core\2.2\hamcrest-core-2.2.jar;C:\Users\mahbu\.m2\repository\org\hamcrest\hamcrest\2.2\hamcrest-2.2.jar;C:\Users\mahbu\.m2\repository\com\vimalselvam\cucumber-extentsreport\3.1.1\cucumber-extentsreport-3.1.1.jar;"/>
    <property name="sun.cpu.endian" value="little"/>
    <property name="user.home" value="C:\Users\mahbu"/>
    <property name="user.language" value="en"/>
    <property name="java.specification.vendor" value="Oracle Corporation"/>
    <property name="java.version.date" value="2021-07-20"/>
    <property name="java.home" value="C:\Program Files\Java\jdk-11.0.12"/>
    <property name="testng.dtd.http" value="true"/>
    <property name="file.separator" value="\"/>
    <property name="basedir" value="C:\Users\mahbu\IdeaProjects\BDD_AutomationFrameWork_HomeWork2022"/>
    <property name="java.vm.compressedOopsMode" value="Zero based"/>
    <property name="line.separator" value="&#10;"/>
    <property name="java.specification.name" value="Java Platform API Specification"/>
    <property name="java.vm.specification.vendor" value="Oracle Corporation"/>
    <property name="java.awt.graphicsenv" value="sun.awt.Win32GraphicsEnvironment"/>
    <property name="surefire.real.class.path" value="C:\Users\mahbu\AppData\Local\Temp\surefire7368136624989662872\surefirebooter7018057481447440279.jar"/>
    <property name="user.script" value=""/>
    <property name="sun.management.compiler" value="HotSpot 64-Bit Tiered Compilers"/>
    <property name="java.runtime.version" value="11.0.12+8-LTS-237"/>
    <property name="user.name" value="mahbu"/>
    <property name="path.separator" value=";"/>
    <property name="os.version" value="10.0"/>
    <property name="java.runtime.name" value="Java(TM) SE Runtime Environment"/>
    <property name="file.encoding" value="Cp1252"/>
    <property name="java.vm.name" value="Java HotSpot(TM) 64-Bit Server VM"/>
    <property name="java.vendor.version" value="18.9"/>
    <property name="localRepository" value="C:\Users\mahbu\.m2\repository"/>
    <property name="java.vendor.url.bug" value="https://bugreport.java.com/bugreport/"/>
    <property name="java.io.tmpdir" value="C:\Users\mahbu\AppData\Local\Temp\"/>
    <property name="idea.version" value="2021.2.2"/>
    <property name="java.version" value="11.0.12"/>
    <property name="user.dir" value="C:\Users\mahbu\IdeaProjects\BDD_AutomationFrameWork_HomeWork2022"/>
    <property name="os.arch" value="amd64"/>
    <property name="java.vm.specification.name" value="Java Virtual Machine Specification"/>
    <property name="java.awt.printerjob" value="sun.awt.windows.WPrinterJob"/>
    <property name="sun.os.patch.level" value=""/>
    <property name="java.library.path" value="C:\Program Files\Java\jdk-11.0.12\bin;C:\WINDOWS\Sun\Java\bin;C:\WINDOWS\system32;C:\WINDOWS;C:\Program Files (x86)\VMware\VMware Player\bin\;C:\Python310\Scripts\;C:\Python310\;C:\Program Files\Common Files\Oracle\Java\javapath;C:\WINDOWS\system32;C:\WINDOWS;C:\WINDOWS\System32\Wbem;C:\WINDOWS\System32\WindowsPowerShell\v1.0\;C:\WINDOWS\System32\OpenSSH\;C:\Program Files\Java\jdk-11.0.12\bin;C:\apache-maven-3.8.4\bin;C:\Program Files\nodejs\;C:\ProgramData\chocolatey\bin;C:\Program Files\Git\cmd;C:\Users\mahbu\Downloads\apache-maven-3.8.6-bin\apache-maven-3.8.6\bin;C:\Program Files\MySQL\MySQL Shell 8.0\bin\;C:\Users\mahbu\AppData\Local\Microsoft\WindowsApps;C:\Users\mahbu\AppData\Roaming\npm;;."/>
    <property name="java.vendor" value="Oracle Corporation"/>
    <property name="java.vm.info" value="mixed mode"/>
    <property name="java.vm.version" value="11.0.12+8-LTS-237"/>
    <property name="sun.io.unicode.encoding" value="UnicodeLittle"/>
    <property name="java.class.version" value="55.0"/>
  </properties>
  <testcase name="runScenario[&quot;SearchBox functionality should work with a valid product name&quot;, &quot;SearchBox Functionality&quot;](1)" classname="runner.RegressionTestRunner" time="18.765">
    <system-out><![CDATA[[DEBUG] suiteXmlPath: "C:\Users\mahbu\IdeaProjects\BDD_AutomationFrameWork_HomeWork2022\target\test-classes\AmazonRegressionTestRunner.xml"
[DEBUG] [Graph] ADDING NODE AbstractTestNGCucumberTests.setUpClass(org.testng.ITestContext)[pri:0, instance:null] -393284817
[DEBUG] [Graph] ================ SORTING
[DEBUG] [Graph] =============== DONE SORTING
[DEBUG] [Graph] ====== SORTED NODES
[DEBUG] [Graph] ====== END SORTED NODES
[DEBUG] [Graph] ADDING NODE AbstractTestNGCucumberTests.tearDownClass()[pri:0, instance:null] 1523153566
[DEBUG] [Graph] ================ SORTING
[DEBUG] [Graph] =============== DONE SORTING
[DEBUG] [Graph] ====== SORTED NODES
[DEBUG] [Graph] ====== END SORTED NODES
[DEBUG] [Graph] ADDING NODE AbstractTestNGCucumberTests.runScenario(io.cucumber.testng.PickleWrapper,io.cucumber.testng.FeatureWrapper)[pri:0, instance:runner.RegressionTestRunner@4671115f] 31455792
[DEBUG] [Graph] ================ SORTING
[DEBUG] [Graph] =============== DONE SORTING
[DEBUG] [Graph] ====== SORTED NODES
[DEBUG] [Graph] ====== END SORTED NODES
***************** Automation Started *******************

@RegressionTest
Scenario: SearchBox functionality should work with a valid product name # src/test/java/features/SearchBox.feature:7
[DEBUG] Using SLF4J as the default logging framework
[DEBUG] -Dio.netty.leakDetection.level: simple
[DEBUG] -Dio.netty.leakDetection.targetRecords: 4
[DEBUG] Loaded default ResourceLeakDetector: io.netty.util.ResourceLeakDetector@40f8f5a8
[DEBUG] -Dio.netty.noUnsafe: false
[DEBUG] Java version: 11
[DEBUG] sun.misc.Unsafe.theUnsafe: available
[DEBUG] sun.misc.Unsafe.copyMemory: available
[DEBUG] sun.misc.Unsafe.storeFence: available
[DEBUG] java.nio.Buffer.address: available
[DEBUG] direct buffer constructor: unavailable: Reflective setAccessible(true) disabled
[DEBUG] java.nio.Bits.unaligned: available, true
[DEBUG] jdk.internal.misc.Unsafe.allocateUninitializedArray(int): unavailable: class io.netty.util.internal.PlatformDependent0$7 cannot access class jdk.internal.misc.Unsafe (in module java.base) because module java.base does not export jdk.internal.misc to unnamed module @4ef27d66
[DEBUG] java.nio.DirectByteBuffer.<init>(long, int): unavailable
[DEBUG] sun.misc.Unsafe: available
[DEBUG] maxDirectMemory: 3172990976 bytes (maybe)
[DEBUG] -Dio.netty.tmpdir: C:\Users\mahbu\AppData\Local\Temp (java.io.tmpdir)
[DEBUG] -Dio.netty.bitMode: 64 (sun.arch.data.model)
[DEBUG] Platform: Windows
[DEBUG] -Dio.netty.maxDirectMemory: -1 bytes
[DEBUG] -Dio.netty.uninitializedArrayAllocationThreshold: -1
[DEBUG] java.nio.ByteBuffer.cleaner(): available
[DEBUG] -Dio.netty.noPreferDirect: false
[DEBUG] org.jctools-core.MpscChunkedArrayQueue: available
[DEBUG] -Dio.netty.threadLocalMap.stringBuilder.initialSize: 1024
[DEBUG] -Dio.netty.threadLocalMap.stringBuilder.maxSize: 4096
[DEBUG] Default protocols (JDK): [TLSv1.3, TLSv1.2] 
[DEBUG] Default cipher suites (JDK): [TLS_ECDHE_ECDSA_WITH_AES_256_GCM_SHA384, TLS_ECDHE_ECDSA_WITH_AES_128_GCM_SHA256, TLS_ECDHE_RSA_WITH_AES_128_GCM_SHA256, TLS_ECDHE_RSA_WITH_AES_256_GCM_SHA384, TLS_ECDHE_RSA_WITH_AES_128_CBC_SHA, TLS_ECDHE_RSA_WITH_AES_256_CBC_SHA, TLS_RSA_WITH_AES_128_GCM_SHA256, TLS_RSA_WITH_AES_128_CBC_SHA, TLS_RSA_WITH_AES_256_CBC_SHA, TLS_AES_128_GCM_SHA256, TLS_AES_256_GCM_SHA384]
[DEBUG] -Dio.netty.eventLoopThreads: 16
[DEBUG] -Dio.netty.noKeySetOptimization: false
[DEBUG] -Dio.netty.selectorAutoRebuildThreshold: 512
[DEBUG] -Dio.netty.allocator.numHeapArenas: 16
[DEBUG] -Dio.netty.allocator.numDirectArenas: 16
[DEBUG] -Dio.netty.allocator.pageSize: 8192
[DEBUG] -Dio.netty.allocator.maxOrder: 9
[DEBUG] -Dio.netty.allocator.chunkSize: 4194304
[DEBUG] -Dio.netty.allocator.smallCacheSize: 256
[DEBUG] -Dio.netty.allocator.normalCacheSize: 64
[DEBUG] -Dio.netty.allocator.maxCachedBufferCapacity: 32768
[DEBUG] -Dio.netty.allocator.cacheTrimInterval: 8192
[DEBUG] -Dio.netty.allocator.cacheTrimIntervalMillis: 0
[DEBUG] -Dio.netty.allocator.useCacheForAllThreads: false
[DEBUG] -Dio.netty.allocator.maxCachedByteBuffersPerChunk: 1023
[DEBUG] -Dio.netty.allocator.type: pooled
[DEBUG] -Dio.netty.threadLocalDirectBufferSize: 0
[DEBUG] -Dio.netty.maxThreadLocalCharBufferSize: 16384
[DEBUG] -Dio.netty.processId: 3232 (auto-detected)
[DEBUG] -Djava.net.preferIPv4Stack: false
[DEBUG] -Djava.net.preferIPv6Addresses: false
[DEBUG] Loopback interface: lo (Software Loopback Interface 1, 127.0.0.1)
[DEBUG] Failed to get SOMAXCONN from sysctl and file \proc\sys\net\core\somaxconn. Default: 200
[DEBUG] -Dio.netty.machineId: 80:91:33:ff:fe:d8:86:ff (auto-detected)
[DEBUG] -Dio.netty.buffer.checkAccessible: true
[DEBUG] -Dio.netty.buffer.checkBounds: true
[DEBUG] Loaded default ResourceLeakDetector: io.netty.util.ResourceLeakDetector@62ce73d5
[DEBUG] Using new Channel '[id: 0x0eecf5ed, L:/127.0.0.1:60720 - R:localhost/127.0.0.1:54647]' for 'POST' to '/session'
[DEBUG] -Dio.netty.recycler.maxCapacityPerThread: 4096
[DEBUG] -Dio.netty.recycler.ratio: 8
[DEBUG] -Dio.netty.recycler.chunkSize: 32
[DEBUG] -Dio.netty.recycler.blocking: false
[DEBUG] brotli4j not in the classpath; Brotli support will be unavailable.
[DEBUG] 

Request DefaultHttpRequest(decodeResult: success, version: HTTP/1.1)
POST /session HTTP/1.1
User-Agent: selenium/4.3.0 (java windows)
Content-Length: 365
Content-Type: application/json; charset=utf-8
host: localhost:54647
accept: */*

Response DefaultHttpResponse(decodeResult: success, version: HTTP/1.1)
HTTP/1.1 200 OK
Content-Type: application/json; charset=utf-8
cache-control: no-cache
content-length: 790

[DEBUG] Adding key: http://localhost:54647 for channel [id: 0x0eecf5ed, L:/127.0.0.1:60720 - R:localhost/127.0.0.1:54647]
[DEBUG] Using new Channel '[id: 0xff1e4609, L:/127.0.0.1:60728 - R:localhost/127.0.0.1:60721]' for 'GET' to '/json/version'
[DEBUG] 

Request DefaultFullHttpRequest(decodeResult: success, version: HTTP/1.1, content: EmptyByteBufBE)
GET /json/version HTTP/1.1
User-Agent: selenium/4.3.0 (java windows)
host: localhost:60721
accept: */*

Response DefaultHttpResponse(decodeResult: success, version: HTTP/1.1)
HTTP/1.1 200 OK
Content-Type: application/json; charset=UTF-8
content-length: 429

[DEBUG] Adding key: http://localhost:60721 for channel [id: 0xff1e4609, L:/127.0.0.1:60728 - R:localhost/127.0.0.1:60721]
[DEBUG] -Dio.netty.initialSeedUniquifier: 0xe92fc84a54c99729
[DEBUG] Using new Channel '[id: 0xdfec1081, L:/127.0.0.1:60729 - R:localhost/127.0.0.1:60721]' for 'GET' to '/devtools/browser/89d4042e-4d0f-46a7-90fe-08eed05fc2a4'
[DEBUG] 

Request DefaultFullHttpRequest(decodeResult: success, version: HTTP/1.1, content: EmptyByteBufBE)
GET /devtools/browser/89d4042e-4d0f-46a7-90fe-08eed05fc2a4 HTTP/1.1
upgrade: websocket
connection: upgrade
sec-websocket-key: fegLcmOSARua51mcyqOeVg==
sec-websocket-version: 13
origin: http://localhost:60721
host: localhost:60721
accept: */*
user-agent: AHC/2.1

Response DefaultHttpResponse(decodeResult: success, version: HTTP/1.1)
HTTP/1.1 101 WebSocket Protocol Handshake
Upgrade: WebSocket
Connection: Upgrade
Sec-WebSocket-Accept: 7Z9XP+Vh51z1uGg5w5E3L3KYxCM=

Browser : chrome
Url : https://www.amazon.com/
[DEBUG] Using pooled Channel '[id: 0x0eecf5ed, L:/127.0.0.1:60720 - R:localhost/127.0.0.1:54647]' for 'POST' to 'http://localhost:54647/session/240998dc5ebf60f13d9bc9272b102d17/window/maximize'
[DEBUG] Using open Channel [id: 0x0eecf5ed, L:/127.0.0.1:60720 - R:localhost/127.0.0.1:54647] for POST '/session/240998dc5ebf60f13d9bc9272b102d17/window/maximize'
[DEBUG] 

Request DefaultHttpRequest(decodeResult: success, version: HTTP/1.1)
POST /session/240998dc5ebf60f13d9bc9272b102d17/window/maximize HTTP/1.1
User-Agent: selenium/4.3.0 (java windows)
Content-Length: 3
Content-Type: application/json; charset=utf-8
host: localhost:54647
accept: */*

Response DefaultHttpResponse(decodeResult: success, version: HTTP/1.1)
HTTP/1.1 200 OK
Content-Type: application/json; charset=utf-8
cache-control: no-cache
content-length: 51

[DEBUG] Adding key: http://localhost:54647 for channel [id: 0x0eecf5ed, L:/127.0.0.1:60720 - R:localhost/127.0.0.1:54647]
[DEBUG] Using pooled Channel '[id: 0x0eecf5ed, L:/127.0.0.1:60720 - R:localhost/127.0.0.1:54647]' for 'POST' to 'http://localhost:54647/session/240998dc5ebf60f13d9bc9272b102d17/timeouts'
[DEBUG] Using open Channel [id: 0x0eecf5ed, L:/127.0.0.1:60720 - R:localhost/127.0.0.1:54647] for POST '/session/240998dc5ebf60f13d9bc9272b102d17/timeouts'
[DEBUG] 

Request DefaultHttpRequest(decodeResult: success, version: HTTP/1.1)
POST /session/240998dc5ebf60f13d9bc9272b102d17/timeouts HTTP/1.1
User-Agent: selenium/4.3.0 (java windows)
Content-Length: 23
Content-Type: application/json; charset=utf-8
host: localhost:54647
accept: */*

Response DefaultHttpResponse(decodeResult: success, version: HTTP/1.1)
HTTP/1.1 200 OK
Content-Type: application/json; charset=utf-8
cache-control: no-cache
content-length: 14

[DEBUG] Adding key: http://localhost:54647 for channel [id: 0x0eecf5ed, L:/127.0.0.1:60720 - R:localhost/127.0.0.1:54647]
[DEBUG] Using pooled Channel '[id: 0x0eecf5ed, L:/127.0.0.1:60720 - R:localhost/127.0.0.1:54647]' for 'POST' to 'http://localhost:54647/session/240998dc5ebf60f13d9bc9272b102d17/timeouts'
[DEBUG] Using open Channel [id: 0x0eecf5ed, L:/127.0.0.1:60720 - R:localhost/127.0.0.1:54647] for POST '/session/240998dc5ebf60f13d9bc9272b102d17/timeouts'
[DEBUG] 

Request DefaultHttpRequest(decodeResult: success, version: HTTP/1.1)
POST /session/240998dc5ebf60f13d9bc9272b102d17/timeouts HTTP/1.1
User-Agent: selenium/4.3.0 (java windows)
Content-Length: 23
Content-Type: application/json; charset=utf-8
host: localhost:54647
accept: */*

Response DefaultHttpResponse(decodeResult: success, version: HTTP/1.1)
HTTP/1.1 200 OK
Content-Type: application/json; charset=utf-8
cache-control: no-cache
content-length: 14

[DEBUG] Adding key: http://localhost:54647 for channel [id: 0x0eecf5ed, L:/127.0.0.1:60720 - R:localhost/127.0.0.1:54647]
[DEBUG] Using pooled Channel '[id: 0x0eecf5ed, L:/127.0.0.1:60720 - R:localhost/127.0.0.1:54647]' for 'DELETE' to 'http://localhost:54647/session/240998dc5ebf60f13d9bc9272b102d17/cookie'
[DEBUG] Using open Channel [id: 0x0eecf5ed, L:/127.0.0.1:60720 - R:localhost/127.0.0.1:54647] for DELETE '/session/240998dc5ebf60f13d9bc9272b102d17/cookie'
[DEBUG] 

Request DefaultFullHttpRequest(decodeResult: success, version: HTTP/1.1, content: EmptyByteBufBE)
DELETE /session/240998dc5ebf60f13d9bc9272b102d17/cookie HTTP/1.1
User-Agent: selenium/4.3.0 (java windows)
Content-Type: application/json; charset=utf-8
host: localhost:54647
accept: */*

Response DefaultHttpResponse(decodeResult: success, version: HTTP/1.1)
HTTP/1.1 200 OK
Content-Type: application/json; charset=utf-8
cache-control: no-cache
content-length: 14

[DEBUG] Adding key: http://localhost:54647 for channel [id: 0x0eecf5ed, L:/127.0.0.1:60720 - R:localhost/127.0.0.1:54647]
[DEBUG] Using pooled Channel '[id: 0x0eecf5ed, L:/127.0.0.1:60720 - R:localhost/127.0.0.1:54647]' for 'POST' to 'http://localhost:54647/session/240998dc5ebf60f13d9bc9272b102d17/url'
[DEBUG] Using open Channel [id: 0x0eecf5ed, L:/127.0.0.1:60720 - R:localhost/127.0.0.1:54647] for POST '/session/240998dc5ebf60f13d9bc9272b102d17/url'
[DEBUG] Entry count for : http://localhost:60721 : 1
[DEBUG] Entry count for : http://localhost:60721 : 1
[DEBUG] 

Request DefaultHttpRequest(decodeResult: success, version: HTTP/1.1)
POST /session/240998dc5ebf60f13d9bc9272b102d17/url HTTP/1.1
User-Agent: selenium/4.3.0 (java windows)
Content-Length: 53
Content-Type: application/json; charset=utf-8
host: localhost:54647
accept: */*

Response DefaultHttpResponse(decodeResult: success, version: HTTP/1.1)
HTTP/1.1 200 OK
Content-Type: application/json; charset=utf-8
cache-control: no-cache
content-length: 14

[DEBUG] Adding key: http://localhost:54647 for channel [id: 0x0eecf5ed, L:/127.0.0.1:60720 - R:localhost/127.0.0.1:54647]
Amazon HomePage landed
  Given user is landed on amazon homepage                               # stepdefinitions.SearchBoxSteps.user_is_landed_on_amazon_homepage()
[DEBUG] Using pooled Channel '[id: 0x0eecf5ed, L:/127.0.0.1:60720 - R:localhost/127.0.0.1:54647]' for 'POST' to 'http://localhost:54647/session/240998dc5ebf60f13d9bc9272b102d17/element'
[DEBUG] Using open Channel [id: 0x0eecf5ed, L:/127.0.0.1:60720 - R:localhost/127.0.0.1:54647] for POST '/session/240998dc5ebf60f13d9bc9272b102d17/element'
[DEBUG] 

Request DefaultHttpRequest(decodeResult: success, version: HTTP/1.1)
POST /session/240998dc5ebf60f13d9bc9272b102d17/element HTTP/1.1
User-Agent: selenium/4.3.0 (java windows)
Content-Length: 76
Content-Type: application/json; charset=utf-8
host: localhost:54647
accept: */*

Response DefaultHttpResponse(decodeResult: success, version: HTTP/1.1)
HTTP/1.1 200 OK
Content-Type: application/json; charset=utf-8
cache-control: no-cache
content-length: 88

[DEBUG] Adding key: http://localhost:54647 for channel [id: 0x0eecf5ed, L:/127.0.0.1:60720 - R:localhost/127.0.0.1:54647]
[DEBUG] Using pooled Channel '[id: 0x0eecf5ed, L:/127.0.0.1:60720 - R:localhost/127.0.0.1:54647]' for 'POST' to 'http://localhost:54647/session/240998dc5ebf60f13d9bc9272b102d17/element/c61a6ab0-51f5-4500-a103-4eb11e8a496b/clear'
[DEBUG] Using open Channel [id: 0x0eecf5ed, L:/127.0.0.1:60720 - R:localhost/127.0.0.1:54647] for POST '/session/240998dc5ebf60f13d9bc9272b102d17/element/c61a6ab0-51f5-4500-a103-4eb11e8a496b/clear'
[DEBUG] 

Request DefaultHttpRequest(decodeResult: success, version: HTTP/1.1)
POST /session/240998dc5ebf60f13d9bc9272b102d17/element/c61a6ab0-51f5-4500-a103-4eb11e8a496b/clear HTTP/1.1
User-Agent: selenium/4.3.0 (java windows)
Content-Length: 50
Content-Type: application/json; charset=utf-8
host: localhost:54647
accept: */*

Response DefaultHttpResponse(decodeResult: success, version: HTTP/1.1)
HTTP/1.1 200 OK
Content-Type: application/json; charset=utf-8
cache-control: no-cache
content-length: 14

[DEBUG] Adding key: http://localhost:54647 for channel [id: 0x0eecf5ed, L:/127.0.0.1:60720 - R:localhost/127.0.0.1:54647]
[DEBUG] Using pooled Channel '[id: 0x0eecf5ed, L:/127.0.0.1:60720 - R:localhost/127.0.0.1:54647]' for 'POST' to 'http://localhost:54647/session/240998dc5ebf60f13d9bc9272b102d17/element'
[DEBUG] Using open Channel [id: 0x0eecf5ed, L:/127.0.0.1:60720 - R:localhost/127.0.0.1:54647] for POST '/session/240998dc5ebf60f13d9bc9272b102d17/element'
[DEBUG] 

Request DefaultHttpRequest(decodeResult: success, version: HTTP/1.1)
POST /session/240998dc5ebf60f13d9bc9272b102d17/element HTTP/1.1
User-Agent: selenium/4.3.0 (java windows)
Content-Length: 76
Content-Type: application/json; charset=utf-8
host: localhost:54647
accept: */*

Response DefaultHttpResponse(decodeResult: success, version: HTTP/1.1)
HTTP/1.1 200 OK
Content-Type: application/json; charset=utf-8
cache-control: no-cache
content-length: 88

[DEBUG] Adding key: http://localhost:54647 for channel [id: 0x0eecf5ed, L:/127.0.0.1:60720 - R:localhost/127.0.0.1:54647]
[DEBUG] Using pooled Channel '[id: 0x0eecf5ed, L:/127.0.0.1:60720 - R:localhost/127.0.0.1:54647]' for 'POST' to 'http://localhost:54647/session/240998dc5ebf60f13d9bc9272b102d17/element/c61a6ab0-51f5-4500-a103-4eb11e8a496b/clear'
[DEBUG] Using open Channel [id: 0x0eecf5ed, L:/127.0.0.1:60720 - R:localhost/127.0.0.1:54647] for POST '/session/240998dc5ebf60f13d9bc9272b102d17/element/c61a6ab0-51f5-4500-a103-4eb11e8a496b/clear'
[DEBUG] 

Request DefaultHttpRequest(decodeResult: success, version: HTTP/1.1)
POST /session/240998dc5ebf60f13d9bc9272b102d17/element/c61a6ab0-51f5-4500-a103-4eb11e8a496b/clear HTTP/1.1
User-Agent: selenium/4.3.0 (java windows)
Content-Length: 50
Content-Type: application/json; charset=utf-8
host: localhost:54647
accept: */*

Response DefaultHttpResponse(decodeResult: success, version: HTTP/1.1)
HTTP/1.1 200 OK
Content-Type: application/json; charset=utf-8
cache-control: no-cache
content-length: 14

[DEBUG] Adding key: http://localhost:54647 for channel [id: 0x0eecf5ed, L:/127.0.0.1:60720 - R:localhost/127.0.0.1:54647]
[DEBUG] Using pooled Channel '[id: 0x0eecf5ed, L:/127.0.0.1:60720 - R:localhost/127.0.0.1:54647]' for 'POST' to 'http://localhost:54647/session/240998dc5ebf60f13d9bc9272b102d17/element'
[DEBUG] Using open Channel [id: 0x0eecf5ed, L:/127.0.0.1:60720 - R:localhost/127.0.0.1:54647] for POST '/session/240998dc5ebf60f13d9bc9272b102d17/element'
[DEBUG] 

Request DefaultHttpRequest(decodeResult: success, version: HTTP/1.1)
POST /session/240998dc5ebf60f13d9bc9272b102d17/element HTTP/1.1
User-Agent: selenium/4.3.0 (java windows)
Content-Length: 76
Content-Type: application/json; charset=utf-8
host: localhost:54647
accept: */*

Response DefaultHttpResponse(decodeResult: success, version: HTTP/1.1)
HTTP/1.1 200 OK
Content-Type: application/json; charset=utf-8
cache-control: no-cache
content-length: 88

[DEBUG] Adding key: http://localhost:54647 for channel [id: 0x0eecf5ed, L:/127.0.0.1:60720 - R:localhost/127.0.0.1:54647]
[DEBUG] Entry count for : http://localhost:54647 : 1
[DEBUG] Entry count for : http://localhost:60721 : 1
[DEBUG] Using pooled Channel '[id: 0x0eecf5ed, L:/127.0.0.1:60720 - R:localhost/127.0.0.1:54647]' for 'POST' to 'http://localhost:54647/session/240998dc5ebf60f13d9bc9272b102d17/element/c61a6ab0-51f5-4500-a103-4eb11e8a496b/value'
[DEBUG] Using open Channel [id: 0x0eecf5ed, L:/127.0.0.1:60720 - R:localhost/127.0.0.1:54647] for POST '/session/240998dc5ebf60f13d9bc9272b102d17/element/c61a6ab0-51f5-4500-a103-4eb11e8a496b/value'
[DEBUG] 

Request DefaultHttpRequest(decodeResult: success, version: HTTP/1.1)
POST /session/240998dc5ebf60f13d9bc9272b102d17/element/c61a6ab0-51f5-4500-a103-4eb11e8a496b/value HTTP/1.1
User-Agent: selenium/4.3.0 (java windows)
Content-Length: 181
Content-Type: application/json; charset=utf-8
host: localhost:54647
accept: */*

Response DefaultHttpResponse(decodeResult: success, version: HTTP/1.1)
HTTP/1.1 200 OK
Content-Type: application/json; charset=utf-8
cache-control: no-cache
content-length: 14

[DEBUG] Adding key: http://localhost:54647 for channel [id: 0x0eecf5ed, L:/127.0.0.1:60720 - R:localhost/127.0.0.1:54647]
  And user should be able to enter valid product name                   # stepdefinitions.SearchBoxSteps.userShouldBeAbleToEnterValidProductName()
[DEBUG] Using pooled Channel '[id: 0x0eecf5ed, L:/127.0.0.1:60720 - R:localhost/127.0.0.1:54647]' for 'POST' to 'http://localhost:54647/session/240998dc5ebf60f13d9bc9272b102d17/element'
[DEBUG] Using open Channel [id: 0x0eecf5ed, L:/127.0.0.1:60720 - R:localhost/127.0.0.1:54647] for POST '/session/240998dc5ebf60f13d9bc9272b102d17/element'
[DEBUG] 

Request DefaultHttpRequest(decodeResult: success, version: HTTP/1.1)
POST /session/240998dc5ebf60f13d9bc9272b102d17/element HTTP/1.1
User-Agent: selenium/4.3.0 (java windows)
Content-Length: 67
Content-Type: application/json; charset=utf-8
host: localhost:54647
accept: */*

Response DefaultHttpResponse(decodeResult: success, version: HTTP/1.1)
HTTP/1.1 200 OK
Content-Type: application/json; charset=utf-8
cache-control: no-cache
content-length: 88

[DEBUG] Adding key: http://localhost:54647 for channel [id: 0x0eecf5ed, L:/127.0.0.1:60720 - R:localhost/127.0.0.1:54647]
[DEBUG] Using pooled Channel '[id: 0x0eecf5ed, L:/127.0.0.1:60720 - R:localhost/127.0.0.1:54647]' for 'POST' to 'http://localhost:54647/session/240998dc5ebf60f13d9bc9272b102d17/element/9d07a3d9-3823-45ff-b64d-ce9fbb08f891/click'
[DEBUG] Using open Channel [id: 0x0eecf5ed, L:/127.0.0.1:60720 - R:localhost/127.0.0.1:54647] for POST '/session/240998dc5ebf60f13d9bc9272b102d17/element/9d07a3d9-3823-45ff-b64d-ce9fbb08f891/click'
[DEBUG] Entry count for : http://localhost:60721 : 1
[DEBUG] Entry count for : http://localhost:60721 : 1
[DEBUG] 

Request DefaultHttpRequest(decodeResult: success, version: HTTP/1.1)
POST /session/240998dc5ebf60f13d9bc9272b102d17/element/9d07a3d9-3823-45ff-b64d-ce9fbb08f891/click HTTP/1.1
User-Agent: selenium/4.3.0 (java windows)
Content-Length: 50
Content-Type: application/json; charset=utf-8
host: localhost:54647
accept: */*

Response DefaultHttpResponse(decodeResult: success, version: HTTP/1.1)
HTTP/1.1 200 OK
Content-Type: application/json; charset=utf-8
cache-control: no-cache
content-length: 14

[DEBUG] Adding key: http://localhost:54647 for channel [id: 0x0eecf5ed, L:/127.0.0.1:60720 - R:localhost/127.0.0.1:54647]
[DEBUG] Entry count for : http://localhost:54647 : 1
[DEBUG] Entry count for : http://localhost:60721 : 1
[DEBUG] Entry count for : http://localhost:54647 : 1
[DEBUG] Entry count for : http://localhost:60721 : 1
[DEBUG] Entry count for : http://localhost:54647 : 1
[DEBUG] Entry count for : http://localhost:60721 : 1
[DEBUG] Entry count for : http://localhost:54647 : 1
[DEBUG] Entry count for : http://localhost:60721 : 1
[DEBUG] Entry count for : http://localhost:54647 : 1
[DEBUG] Entry count for : http://localhost:60721 : 1
  When user should be able to click on search button                    # stepdefinitions.SearchBoxSteps.userShouldBeAbleToClickOnSearchButton()
[DEBUG] Using pooled Channel '[id: 0x0eecf5ed, L:/127.0.0.1:60720 - R:localhost/127.0.0.1:54647]' for 'POST' to 'http://localhost:54647/session/240998dc5ebf60f13d9bc9272b102d17/element'
[DEBUG] Using open Channel [id: 0x0eecf5ed, L:/127.0.0.1:60720 - R:localhost/127.0.0.1:54647] for POST '/session/240998dc5ebf60f13d9bc9272b102d17/element'
[DEBUG] 

Request DefaultHttpRequest(decodeResult: success, version: HTTP/1.1)
POST /session/240998dc5ebf60f13d9bc9272b102d17/element HTTP/1.1
User-Agent: selenium/4.3.0 (java windows)
Content-Length: 89
Content-Type: application/json; charset=utf-8
host: localhost:54647
accept: */*

Response DefaultHttpResponse(decodeResult: success, version: HTTP/1.1)
HTTP/1.1 200 OK
Content-Type: application/json; charset=utf-8
cache-control: no-cache
content-length: 88

[DEBUG] Adding key: http://localhost:54647 for channel [id: 0x0eecf5ed, L:/127.0.0.1:60720 - R:localhost/127.0.0.1:54647]
[DEBUG] Using pooled Channel '[id: 0x0eecf5ed, L:/127.0.0.1:60720 - R:localhost/127.0.0.1:54647]' for 'GET' to 'http://localhost:54647/session/240998dc5ebf60f13d9bc9272b102d17/element/c653a824-55b1-45fb-854d-18de23d669f9/text'
[DEBUG] Using open Channel [id: 0x0eecf5ed, L:/127.0.0.1:60720 - R:localhost/127.0.0.1:54647] for GET '/session/240998dc5ebf60f13d9bc9272b102d17/element/c653a824-55b1-45fb-854d-18de23d669f9/text'
[DEBUG] 

Request DefaultFullHttpRequest(decodeResult: success, version: HTTP/1.1, content: EmptyByteBufBE)
GET /session/240998dc5ebf60f13d9bc9272b102d17/element/c653a824-55b1-45fb-854d-18de23d669f9/text HTTP/1.1
User-Agent: selenium/4.3.0 (java windows)
Cache-Control: no-cache
Content-Type: application/json; charset=utf-8
host: localhost:54647
accept: */*

Response DefaultHttpResponse(decodeResult: success, version: HTTP/1.1)
HTTP/1.1 200 OK
Content-Type: application/json; charset=utf-8
cache-control: no-cache
content-length: 26

[DEBUG] Adding key: http://localhost:54647 for channel [id: 0x0eecf5ed, L:/127.0.0.1:60720 - R:localhost/127.0.0.1:54647]
[DEBUG] Entry count for : http://localhost:54647 : 1
[DEBUG] Entry count for : http://localhost:60721 : 1
[DEBUG] Entry count for : http://localhost:54647 : 1
[DEBUG] Entry count for : http://localhost:60721 : 1
[DEBUG] Entry count for : http://localhost:54647 : 1
[DEBUG] Entry count for : http://localhost:60721 : 1
  Then user should see the valid product appears                        # stepdefinitions.SearchBoxSteps.userShouldSeeTheValidProductAppears()
[DEBUG] Using pooled Channel '[id: 0x0eecf5ed, L:/127.0.0.1:60720 - R:localhost/127.0.0.1:54647]' for 'DELETE' to 'http://localhost:54647/session/240998dc5ebf60f13d9bc9272b102d17'
[DEBUG] Using open Channel [id: 0x0eecf5ed, L:/127.0.0.1:60720 - R:localhost/127.0.0.1:54647] for DELETE '/session/240998dc5ebf60f13d9bc9272b102d17'
[DEBUG] Channel Closed: [id: 0xdfec1081, L:/127.0.0.1:60729 ! R:localhost/127.0.0.1:60721] with attribute NettyResponseFuture{currentRetry=0,
	isDone=1,
	isCancelled=0,
	asyncHandler=org.asynchttpclient.ws.WebSocketUpgradeHandler@5b536dde,
	nettyRequest=org.asynchttpclient.netty.request.NettyRequest@6ef8de91,
	future=java.util.concurrent.CompletableFuture@38f8ee94[Completed normally],
	uri=ws://localhost:60721/devtools/browser/89d4042e-4d0f-46a7-90fe-08eed05fc2a4,
	keepAlive=true,
	redirectCount=0,
	timeoutsHolder=null,
	inAuth=0,
	touch=1659215211256}
[DEBUG] Closing Channel [id: 0xdfec1081, L:/127.0.0.1:60729 ! R:localhost/127.0.0.1:60721] 
[DEBUG] Unexpected I/O exception on channel [id: 0xff1e4609, L:/127.0.0.1:60728 - R:localhost/127.0.0.1:60721]
java.io.IOException: An existing connection was forcibly closed by the remote host
	at java.base/sun.nio.ch.SocketDispatcher.read0(Native Method) ~[na:na]
	at java.base/sun.nio.ch.SocketDispatcher.read(SocketDispatcher.java:43) ~[na:na]
	at java.base/sun.nio.ch.IOUtil.readIntoNativeBuffer(IOUtil.java:276) ~[na:na]
	at java.base/sun.nio.ch.IOUtil.read(IOUtil.java:233) ~[na:na]
	at java.base/sun.nio.ch.IOUtil.read(IOUtil.java:223) ~[na:na]
	at java.base/sun.nio.ch.SocketChannelImpl.read(SocketChannelImpl.java:358) ~[na:na]
	at io.netty.buffer.PooledByteBuf.setBytes(PooledByteBuf.java:258) ~[netty-buffer-4.1.78.Final.jar:4.1.78.Final]
	at io.netty.buffer.AbstractByteBuf.writeBytes(AbstractByteBuf.java:1132) ~[netty-buffer-4.1.78.Final.jar:4.1.78.Final]
	at io.netty.channel.socket.nio.NioSocketChannel.doReadBytes(NioSocketChannel.java:357) ~[netty-transport-4.1.78.Final.jar:4.1.78.Final]
	at io.netty.channel.nio.AbstractNioByteChannel$NioByteUnsafe.read(AbstractNioByteChannel.java:151) ~[netty-transport-4.1.78.Final.jar:4.1.78.Final]
	at io.netty.channel.nio.NioEventLoop.processSelectedKey(NioEventLoop.java:722) ~[netty-transport-4.1.78.Final.jar:4.1.78.Final]
	at io.netty.channel.nio.NioEventLoop.processSelectedKeysOptimized(NioEventLoop.java:658) ~[netty-transport-4.1.78.Final.jar:4.1.78.Final]
	at io.netty.channel.nio.NioEventLoop.processSelectedKeys(NioEventLoop.java:584) ~[netty-transport-4.1.78.Final.jar:4.1.78.Final]
	at io.netty.channel.nio.NioEventLoop.run(NioEventLoop.java:496) ~[netty-transport-4.1.78.Final.jar:4.1.78.Final]
	at io.netty.util.concurrent.SingleThreadEventExecutor$4.run(SingleThreadEventExecutor.java:997) ~[netty-common-4.1.78.Final.jar:4.1.78.Final]
	at io.netty.util.internal.ThreadExecutorMap$2.run(ThreadExecutorMap.java:74) ~[netty-common-4.1.78.Final.jar:4.1.78.Final]
	at io.netty.util.concurrent.FastThreadLocalRunnable.run(FastThreadLocalRunnable.java:30) ~[netty-common-4.1.78.Final.jar:4.1.78.Final]
	at java.base/java.lang.Thread.run(Thread.java:834) ~[na:na]
[DEBUG] Closing Channel [id: 0xff1e4609, L:/127.0.0.1:60728 - R:localhost/127.0.0.1:60721] 
[DEBUG] Channel Closed: [id: 0xff1e4609, L:/127.0.0.1:60728 ! R:localhost/127.0.0.1:60721] with attribute DISCARD
[DEBUG] 

Request DefaultFullHttpRequest(decodeResult: success, version: HTTP/1.1, content: EmptyByteBufBE)
DELETE /session/240998dc5ebf60f13d9bc9272b102d17 HTTP/1.1
User-Agent: selenium/4.3.0 (java windows)
Content-Type: application/json; charset=utf-8
host: localhost:54647
accept: */*

Response DefaultHttpResponse(decodeResult: success, version: HTTP/1.1)
HTTP/1.1 200 OK
Content-Type: application/json; charset=utf-8
cache-control: no-cache
content-length: 14

[DEBUG] Adding key: http://localhost:54647 for channel [id: 0x0eecf5ed, L:/127.0.0.1:60720 - R:localhost/127.0.0.1:54647]
[DEBUG] Channel Closed: [id: 0x0eecf5ed, L:/127.0.0.1:60720 ! R:localhost/127.0.0.1:54647] with attribute DISCARD
]]></system-out>
    <system-err><![CDATA[Starting ChromeDriver 103.0.5060.53 (a1711811edd74ff1cf2150f36ffa3b0dae40b17f-refs/branch-heads/5060@{#853}) on port 54647
Only local connections are allowed.
Please see https://chromedriver.chromium.org/security-considerations for suggestions on keeping ChromeDriver safe.
ChromeDriver was started successfully.
Jul 30, 2022 5:06:51 PM org.openqa.selenium.remote.ProtocolHandshake createSession
INFO: Detected upstream dialect: W3C
Jul 30, 2022 5:06:51 PM org.openqa.selenium.devtools.CdpVersionFinder findNearestMatch
INFO: Found exact CDP implementation for version 103
]]></system-err>
  </testcase>
</testsuite>