<?xml version="1.0" encoding="UTF-8"?>
<!-- Generated by org.testng.reporters.JUnitReportReporter -->
<testsuite hostname="LAPTOP-B0R468S9" failures="0" tests="1" name="runner.RegressionTestRunner" time="18.141" errors="0" timestamp="2022-07-30T17:07:10 EDT" skipped="0">
  <testcase classname="runner.RegressionTestRunner" name="runScenario" time="18.141"/>
  <system-out>
    <![CDATA[Browser : chrome
Url : https://www.amazon.com/]]>
  </system-out>
</testsuite> <!-- runner.RegressionTestRunner -->
